Using pre-set license
Built from '2020.2/release' branch; Version is '2020.2.1f1 (270dd8c3da1c) revision 2559448'; Using compiler version '192528614'; Build Type 'Release'
OS: 'Windows 10  (10.0.0) 64bit' Language: 'ru' Physical Memory: 10197 MB
BatchMode: 1, IsHumanControllingUs: 0, StartBugReporterOnCrash: 0, Is64bit: 1, IsPro: 0

 COMMAND LINE ARGUMENTS:
C:\Program Files\Unity\Hub\Editor\2020.2.1f1\Editor\Unity.exe
-adb2
-batchMode
-noUpm
-name
AssetImportWorker0
-projectPath
H:/Unity projects/Clicker
-logFile
Logs/AssetImportWorker0.log
-srvPort
57090
Successfully changed project path to: H:/Unity projects/Clicker
H:/Unity projects/Clicker
Using Asset Import Pipeline V2.
Refreshing native plugins compatible for Editor in 65.32 ms, found 1 plugins.
Preloading 0 native plugins for Editor in 0.00 ms.
Initialize engine version: 2020.2.1f1 (270dd8c3da1c)
[Subsystems] Discovering subsystems at path C:/Program Files/Unity/Hub/Editor/2020.2.1f1/Editor/Data/Resources/UnitySubsystems
[Subsystems] Discovering subsystems at path H:/Unity projects/Clicker/Assets
GfxDevice: creating device client; threaded=0
Direct3D:
    Version:  Direct3D 11.0 [level 11.1]
    Renderer: NVIDIA GeForce GTX 1050 Ti (ID=0x1c82)
    Vendor:   
    VRAM:     4018 MB
    Driver:   27.21.14.6140
Initialize mono
Mono path[0] = 'C:/Program Files/Unity/Hub/Editor/2020.2.1f1/Editor/Data/Managed'
Mono path[1] = 'C:/Program Files/Unity/Hub/Editor/2020.2.1f1/Editor/Data/MonoBleedingEdge/lib/mono/unityjit'
Mono config path = 'C:/Program Files/Unity/Hub/Editor/2020.2.1f1/Editor/Data/MonoBleedingEdge/etc'
Using monoOptions --debugger-agent=transport=dt_socket,embedding=1,server=y,suspend=n,address=127.0.0.1:56364
Begin MonoManager ReloadAssembly
Registering precompiled unity dll's ...
Register platform support module: C:/Program Files/Unity/Hub/Editor/2020.2.1f1/Editor/Data/PlaybackEngines/WindowsStandaloneSupport/UnityEditor.WindowsStandalone.Extensions.dll
Registered in 0.003105 seconds.
Native extension for WindowsStandalone target not found
Refreshing native plugins compatible for Editor in 70.18 ms, found 1 plugins.
Preloading 0 native plugins for Editor in 0.00 ms.
Invoked RoslynAnalysisRunner static constructor.
RoslynAnalysisRunner will not be running.
RoslynAnalysisRunner has terminated.
Mono: successfully reloaded assembly
- Completed reload, in  3.041 seconds
Platform modules already initialized, skipping
Registering precompiled user dll's ...
Registered in 0.001183 seconds.
Begin MonoManager ReloadAssembly
Native extension for WindowsStandalone target not found
Refreshing native plugins compatible for Editor in 61.78 ms, found 1 plugins.
Preloading 0 native plugins for Editor in 0.00 ms.
Invoked RoslynAnalysisRunner static constructor.
RoslynAnalysisRunner will not be running.
RoslynAnalysisRunner has terminated.
Mono: successfully reloaded assembly
- Completed reload, in  1.609 seconds
Platform modules already initialized, skipping
========================================================================
Worker process is ready to serve import requests
Launched and connected shader compiler UnityShaderCompiler.exe after 0.05 seconds
Refreshing native plugins compatible for Editor in 0.45 ms, found 1 plugins.
Preloading 0 native plugins for Editor in 0.00 ms.
Unloading 1794 Unused Serialized files (Serialized files now loaded: 0)
System memory in use before: 84.0 MB.
System memory in use after: 83.9 MB.

Unloading 24 unused Assets to reduce memory usage. Loaded Objects now: 2234.
Total: 3.295000 ms (FindLiveObjects: 0.239200 ms CreateObjectMapping: 0.388600 ms MarkObjects: 2.514800 ms  DeleteObjects: 0.150800 ms)

========================================================================
Received Import Request.
  path: Assets/Images/WorkingTownForMagazine.psd
  artifactKey: Guid(e3469ca360d3435499fb7aaad7165aae) Importer(815301076,1909f56bfc062723c751e8b465ee728b)
Start importing Assets/Images/WorkingTownForMagazine.psd using Guid(e3469ca360d3435499fb7aaad7165aae) Importer(815301076,1909f56bfc062723c751e8b465ee728b)  -> (artifact id: '75cf2678305d2f1eb9075d820cc21b1e') in 0.167183 seconds
  Import took 0.172014 seconds .

========================================================================
Received Import Request.
  Time since last request: 0.000217 seconds.
  path: Assets/Images/CatWorkerImageForMagazine.psd
  artifactKey: Guid(4865ef4f5a94aa041914819654abdd3e) Importer(815301076,1909f56bfc062723c751e8b465ee728b)
Start importing Assets/Images/CatWorkerImageForMagazine.psd using Guid(4865ef4f5a94aa041914819654abdd3e) Importer(815301076,1909f56bfc062723c751e8b465ee728b)  -> (artifact id: '97f8df21ddf99b5a677793178637189f') in 0.030991 seconds
  Import took 0.035213 seconds .

========================================================================
Received Import Request.
  Time since last request: 0.000237 seconds.
  path: Assets/Images/CloseButton.psd
  artifactKey: Guid(8cdf49ca9492cf9468365ce69fde39c3) Importer(815301076,1909f56bfc062723c751e8b465ee728b)
Start importing Assets/Images/CloseButton.psd using Guid(8cdf49ca9492cf9468365ce69fde39c3) Importer(815301076,1909f56bfc062723c751e8b465ee728b)  -> (artifact id: '8fd14435a3e84736cb5503e4151af623') in 0.033526 seconds
  Import took 0.041326 seconds .

========================================================================
Received Import Request.
  Time since last request: 0.000275 seconds.
  path: Assets/Images/WorkingTown.psd
  artifactKey: Guid(14bb04fa704294e44ad5f4fb14c95346) Importer(815301076,1909f56bfc062723c751e8b465ee728b)
Start importing Assets/Images/WorkingTown.psd using Guid(14bb04fa704294e44ad5f4fb14c95346) Importer(815301076,1909f56bfc062723c751e8b465ee728b)  -> (artifact id: 'd71d5ba8960ce20c7292bc568e53fc0f') in 0.030416 seconds
  Import took 0.035580 seconds .

========================================================================
Received Import Request.
  Time since last request: 0.000237 seconds.
  path: Assets/Images/ShopImage.psd
  artifactKey: Guid(7f936e9855b5fb8479f1042fbc440f04) Importer(815301076,1909f56bfc062723c751e8b465ee728b)
Start importing Assets/Images/ShopImage.psd using Guid(7f936e9855b5fb8479f1042fbc440f04) Importer(815301076,1909f56bfc062723c751e8b465ee728b)  -> (artifact id: 'be9bfe317f420e531d9b9ed475e130d9') in 0.031175 seconds
  Import took 0.035858 seconds .

========================================================================
Received Import Request.
  Time since last request: 0.000223 seconds.
  path: Assets/Images/FactoryImage.psd
  artifactKey: Guid(7a0d2d75024b3c948abda49661c89f7b) Importer(815301076,1909f56bfc062723c751e8b465ee728b)
Start importing Assets/Images/FactoryImage.psd using Guid(7a0d2d75024b3c948abda49661c89f7b) Importer(815301076,1909f56bfc062723c751e8b465ee728b)  -> (artifact id: '08ba06f59c6ac612b1249c169254ffe1') in 0.030775 seconds
  Import took 0.035088 seconds .

========================================================================
Received Import Request.
  Time since last request: 0.000220 seconds.
  path: Assets/Images/ClickerBackGround.psd
  artifactKey: Guid(85b582b7b70f096429a790c2ec714474) Importer(815301076,1909f56bfc062723c751e8b465ee728b)
Start importing Assets/Images/ClickerBackGround.psd using Guid(85b582b7b70f096429a790c2ec714474) Importer(815301076,1909f56bfc062723c751e8b465ee728b)  -> (artifact id: '00a131a2f5df80b6a1b3db004d33b0f3') in 0.054269 seconds
  Import took 0.062105 seconds .

========================================================================
Received Import Request.
  Time since last request: 0.000229 seconds.
  path: Assets/Images/CatWorkerImage.psd
  artifactKey: Guid(387a561bb26f5444581cd0b1e7bd3613) Importer(815301076,1909f56bfc062723c751e8b465ee728b)
Start importing Assets/Images/CatWorkerImage.psd using Guid(387a561bb26f5444581cd0b1e7bd3613) Importer(815301076,1909f56bfc062723c751e8b465ee728b)  -> (artifact id: '0eeb0b919be5f00ce28b7616f38ef80b') in 0.032070 seconds
  Import took 0.036270 seconds .

========================================================================
Received Import Request.
  Time since last request: 0.000334 seconds.
  path: Assets/Images/FactoryImageShop.psd
  artifactKey: Guid(ba1969cd638f5df47ba0706d16a8360b) Importer(815301076,1909f56bfc062723c751e8b465ee728b)
Start importing Assets/Images/FactoryImageShop.psd using Guid(ba1969cd638f5df47ba0706d16a8360b) Importer(815301076,1909f56bfc062723c751e8b465ee728b)  -> (artifact id: '725bf7d8acb5d8d988d36a5d4c18b927') in 0.025463 seconds
  Import took 0.034836 seconds .

========================================================================
Received Import Request.
  Time since last request: 136.600484 seconds.
  path: Assets/Images/AchivementImage.psd
  artifactKey: Guid(b6eb7653ace844e4fbe8b3a1e7a522c3) Importer(815301076,1909f56bfc062723c751e8b465ee728b)
Start importing Assets/Images/AchivementImage.psd using Guid(b6eb7653ace844e4fbe8b3a1e7a522c3) Importer(815301076,1909f56bfc062723c751e8b465ee728b)  -> (artifact id: 'a5074e351f6d8b1453e74ada4dba4715') in 0.040251 seconds
  Import took 0.050600 seconds .

========================================================================
Received Import Request.
  Time since last request: 0.000316 seconds.
  path: Assets/Images/Button2.psd
  artifactKey: Guid(655e462610481c04b97e9c1af312f95b) Importer(815301076,1909f56bfc062723c751e8b465ee728b)
Start importing Assets/Images/Button2.psd using Guid(655e462610481c04b97e9c1af312f95b) Importer(815301076,1909f56bfc062723c751e8b465ee728b)  -> (artifact id: '4e23b5c974eb596a40049fe53a249952') in 0.047103 seconds
  Import took 0.053266 seconds .

========================================================================
Received Import Request.
  Time since last request: 0.000567 seconds.
  path: Assets/Images/BusinessCat.psd
  artifactKey: Guid(bc4eaff8ee3f6144b9b205397957d1b0) Importer(815301076,1909f56bfc062723c751e8b465ee728b)
Start importing Assets/Images/BusinessCat.psd using Guid(bc4eaff8ee3f6144b9b205397957d1b0) Importer(815301076,1909f56bfc062723c751e8b465ee728b)  -> (artifact id: 'b43f0b5d732541835560650535d6dde3') in 0.033813 seconds
  Import took 0.039984 seconds .

========================================================================
Received Import Request.
  Time since last request: 0.000698 seconds.
  path: Assets/Images/AdvertCatForMagazine.psd
  artifactKey: Guid(1a6bf9f13aca8e246b15c107681d504a) Importer(815301076,1909f56bfc062723c751e8b465ee728b)
Start importing Assets/Images/AdvertCatForMagazine.psd using Guid(1a6bf9f13aca8e246b15c107681d504a) Importer(815301076,1909f56bfc062723c751e8b465ee728b)  -> (artifact id: 'b20b3f793ea5aa5cd65a2efba2b32e91') in 0.027662 seconds
  Import took 0.034933 seconds .

========================================================================
Received Import Request.
  Time since last request: 0.000808 seconds.
  path: Assets/Images/CloseButton.psd
  artifactKey: Guid(8cdf49ca9492cf9468365ce69fde39c3) Importer(815301076,1909f56bfc062723c751e8b465ee728b)
Start importing Assets/Images/CloseButton.psd using Guid(8cdf49ca9492cf9468365ce69fde39c3) Importer(815301076,1909f56bfc062723c751e8b465ee728b)  -> (artifact id: '1cbee9dfd514d1b59645c79981224fa8') in 0.020375 seconds
  Import took 0.025622 seconds .

========================================================================
Received Import Request.
  Time since last request: 0.000390 seconds.
  path: Assets/Images/BigFactory.psd
  artifactKey: Guid(f9c2184ed20657247b6a52f72e928f43) Importer(815301076,1909f56bfc062723c751e8b465ee728b)
Start importing Assets/Images/BigFactory.psd using Guid(f9c2184ed20657247b6a52f72e928f43) Importer(815301076,1909f56bfc062723c751e8b465ee728b)  -> (artifact id: 'f998355fe4ec682039155f0240c8fef2') in 0.031221 seconds
  Import took 0.036839 seconds .

========================================================================
Received Import Request.
  Time since last request: 0.000243 seconds.
  path: Assets/Images/BigFactoryForShop.psd
  artifactKey: Guid(2164adc9826de774cb7876dcef57305a) Importer(815301076,1909f56bfc062723c751e8b465ee728b)
Start importing Assets/Images/BigFactoryForShop.psd using Guid(2164adc9826de774cb7876dcef57305a) Importer(815301076,1909f56bfc062723c751e8b465ee728b)  -> (artifact id: 'bdc381d7c8435e17dfa088c6f1632ac4') in 0.031788 seconds
  Import took 0.041444 seconds .

========================================================================
Received Import Request.
  Time since last request: 0.000277 seconds.
  path: Assets/Images/AdvertCat.psd
  artifactKey: Guid(3efaa64441b50c447851dabea83c7201) Importer(815301076,1909f56bfc062723c751e8b465ee728b)
Start importing Assets/Images/AdvertCat.psd using Guid(3efaa64441b50c447851dabea83c7201) Importer(815301076,1909f56bfc062723c751e8b465ee728b)  -> (artifact id: '88c99ef452ddaf7d9b43f44857d8c135') in 0.028963 seconds
  Import took 0.033905 seconds .

========================================================================
Received Import Request.
  Time since last request: 0.000277 seconds.
  path: Assets/Images/BusinessCatForMagazine.psd
  artifactKey: Guid(41480566a9c19224ab519c64635a21e4) Importer(815301076,1909f56bfc062723c751e8b465ee728b)
Start importing Assets/Images/BusinessCatForMagazine.psd using Guid(41480566a9c19224ab519c64635a21e4) Importer(815301076,1909f56bfc062723c751e8b465ee728b)  -> (artifact id: '95ad36ab8ce7ee8e3329523e982e9079') in 0.030362 seconds
  Import took 0.036503 seconds .

========================================================================
Received Import Request.
  Time since last request: 0.000285 seconds.
  path: Assets/Images/Button.psd
  artifactKey: Guid(7c76791790305e9449e0e43ec7c84c18) Importer(815301076,1909f56bfc062723c751e8b465ee728b)
Start importing Assets/Images/Button.psd using Guid(7c76791790305e9449e0e43ec7c84c18) Importer(815301076,1909f56bfc062723c751e8b465ee728b)  -> (artifact id: '5c733929dd13f0051668e5b03d1f3112') in 0.030604 seconds
  Import took 0.035160 seconds .

========================================================================
Received Import Request.
  Time since last request: 0.000242 seconds.
  path: Assets/Images/AchivementImage2.psd
  artifactKey: Guid(09cee8bc0cdd2b34fa7beb043d47d576) Importer(815301076,1909f56bfc062723c751e8b465ee728b)
Start importing Assets/Images/AchivementImage2.psd using Guid(09cee8bc0cdd2b34fa7beb043d47d576) Importer(815301076,1909f56bfc062723c751e8b465ee728b)  -> (artifact id: '71aa800dca6bc42591f61faf166c216f') in 0.027308 seconds
  Import took 0.032883 seconds .

========================================================================
Received Import Request.
  Time since last request: 0.000279 seconds.
  path: Assets/Images/AchivementImage.psd
  artifactKey: Guid(b6eb7653ace844e4fbe8b3a1e7a522c3) Importer(815301076,1909f56bfc062723c751e8b465ee728b)
Start importing Assets/Images/AchivementImage.psd using Guid(b6eb7653ace844e4fbe8b3a1e7a522c3) Importer(815301076,1909f56bfc062723c751e8b465ee728b)  -> (artifact id: 'a5074e351f6d8b1453e74ada4dba4715') in 0.023049 seconds
  Import took 0.027644 seconds .

========================================================================
Received Import Request.
  Time since last request: 274.831792 seconds.
  path: Assets/Images/ClickerBackGroundShop.psd
  artifactKey: Guid(9c2bf2494df1e0547a781cf07522c901) Importer(815301076,1909f56bfc062723c751e8b465ee728b)
Start importing Assets/Images/ClickerBackGroundShop.psd using Guid(9c2bf2494df1e0547a781cf07522c901) Importer(815301076,1909f56bfc062723c751e8b465ee728b)  -> (artifact id: '96b437b5bbcf4b29b5c2ce18c8c8598f') in 0.042469 seconds
  Import took 0.051733 seconds .

========================================================================
Received Import Request.
  Time since last request: 265.798301 seconds.
  path: Assets/Images/ClickerBackGroundShop.psd
  artifactKey: Guid(9c2bf2494df1e0547a781cf07522c901) Importer(815301076,1909f56bfc062723c751e8b465ee728b)
Start importing Assets/Images/ClickerBackGroundShop.psd using Guid(9c2bf2494df1e0547a781cf07522c901) Importer(815301076,1909f56bfc062723c751e8b465ee728b)  -> (artifact id: '7ab4e6e52711a3276388ab8fdeeaee4a') in 0.040478 seconds
  Import took 0.046616 seconds .

========================================================================
Received Import Request.
  Time since last request: 55.245313 seconds.
  path: Assets/Images/ClickerBackGroundStart.psd
  artifactKey: Guid(0a100d758da543742b9d90fd468d24a9) Importer(815301076,1909f56bfc062723c751e8b465ee728b)
Start importing Assets/Images/ClickerBackGroundStart.psd using Guid(0a100d758da543742b9d90fd468d24a9) Importer(815301076,1909f56bfc062723c751e8b465ee728b)  -> (artifact id: '1dc732330b03b219a9b668fa182b9eef') in 0.095154 seconds
  Import took 0.193873 seconds .

========================================================================
Received Import Request.
  Time since last request: 129.728455 seconds.
  path: Assets/Images/ClickerBackGroundStart.psd
  artifactKey: Guid(0a100d758da543742b9d90fd468d24a9) Importer(815301076,1909f56bfc062723c751e8b465ee728b)
Start importing Assets/Images/ClickerBackGroundStart.psd using Guid(0a100d758da543742b9d90fd468d24a9) Importer(815301076,1909f56bfc062723c751e8b465ee728b)  -> (artifact id: '810d327e3cef95c442c4744a48f63019') in 0.028897 seconds
  Import took 0.035103 seconds .

========================================================================
Received Import Request.
  Time since last request: 0.005269 seconds.
  path: Assets/Images/ClickerBackGroundStart.psd
  artifactKey: Guid(0a100d758da543742b9d90fd468d24a9) Importer(815301076,1909f56bfc062723c751e8b465ee728b)
Start importing Assets/Images/ClickerBackGroundStart.psd using Guid(0a100d758da543742b9d90fd468d24a9) Importer(815301076,1909f56bfc062723c751e8b465ee728b)  -> (artifact id: '810d327e3cef95c442c4744a48f63019') in 0.033814 seconds
  Import took 0.041737 seconds .

========================================================================
Received Import Request.
  Time since last request: 57.255757 seconds.
  path: Assets/Images/ClickerBackGroundShop.psd
  artifactKey: Guid(9c2bf2494df1e0547a781cf07522c901) Importer(815301076,1909f56bfc062723c751e8b465ee728b)
Start importing Assets/Images/ClickerBackGroundShop.psd using Guid(9c2bf2494df1e0547a781cf07522c901) Importer(815301076,1909f56bfc062723c751e8b465ee728b)  -> (artifact id: '40ff8965de19bf5893962d69a11b7933') in 0.030785 seconds
  Import took 0.036663 seconds .

========================================================================
Received Import Request.
  Time since last request: 0.000237 seconds.
  path: Assets/Images/ClickerBackGroundStart1.psd
  artifactKey: Guid(ebc906e128a94e44095807ad021ea341) Importer(815301076,1909f56bfc062723c751e8b465ee728b)
Start importing Assets/Images/ClickerBackGroundStart1.psd using Guid(ebc906e128a94e44095807ad021ea341) Importer(815301076,1909f56bfc062723c751e8b465ee728b)  -> (artifact id: '38dc21994cf40688a528591d37d2182f') in 0.034786 seconds
  Import took 0.039413 seconds .

========================================================================
Received Import Request.
  Time since last request: 22.011154 seconds.
  path: Assets/Scenes/Shop.unity
  artifactKey: Guid(2cda990e2423bbf4892e6590ba056729) Importer(815301076,1909f56bfc062723c751e8b465ee728b)
Start importing Assets/Scenes/Shop.unity using Guid(2cda990e2423bbf4892e6590ba056729) Importer(815301076,1909f56bfc062723c751e8b465ee728b)  -> (artifact id: 'e963d6e30475c3d11b3a3e304708ab7e') in 0.010028 seconds
  Import took 0.014451 seconds .

========================================================================
Received Import Request.
  Time since last request: 44.086437 seconds.
  path: Assets/Scenes/The Game 1.unity
  artifactKey: Guid(f37ea550b33fb71488df2d658cec33f7) Importer(815301076,1909f56bfc062723c751e8b465ee728b)
Start importing Assets/Scenes/The Game 1.unity using Guid(f37ea550b33fb71488df2d658cec33f7) Importer(815301076,1909f56bfc062723c751e8b465ee728b)  -> (artifact id: 'b622b0c1b91448598da3c974de008327') in 0.010343 seconds
  Import took 0.015040 seconds .

========================================================================
Received Import Request.
  Time since last request: 0.004392 seconds.
  path: Assets/Scenes/The Game 1.unity
  artifactKey: Guid(f37ea550b33fb71488df2d658cec33f7) Importer(815301076,1909f56bfc062723c751e8b465ee728b)
Start importing Assets/Scenes/The Game 1.unity using Guid(f37ea550b33fb71488df2d658cec33f7) Importer(815301076,1909f56bfc062723c751e8b465ee728b)  -> (artifact id: 'b622b0c1b91448598da3c974de008327') in 0.004276 seconds
  Import took 0.009506 seconds .

========================================================================
Received Import Request.
  Time since last request: 5.783382 seconds.
  path: Assets/Scenes/Start.unity
  artifactKey: Guid(f37ea550b33fb71488df2d658cec33f7) Importer(815301076,1909f56bfc062723c751e8b465ee728b)
Start importing Assets/Scenes/Start.unity using Guid(f37ea550b33fb71488df2d658cec33f7) Importer(815301076,1909f56bfc062723c751e8b465ee728b)  -> (artifact id: 'a4884850fcb0264f2ea0a60d3b8d16bf') in 0.008674 seconds
  Import took 0.013026 seconds .

========================================================================
Received Import Request.
  Time since last request: 35.578864 seconds.
  path: Assets/Scenes/Achivments.unity
  artifactKey: Guid(3dd177f90e09cb544a639da5403da7e8) Importer(815301076,1909f56bfc062723c751e8b465ee728b)
Start importing Assets/Scenes/Achivments.unity using Guid(3dd177f90e09cb544a639da5403da7e8) Importer(815301076,1909f56bfc062723c751e8b465ee728b)  -> (artifact id: 'fee890c220d33327d62c04849d53f69f') in 0.012147 seconds
  Import took 0.016712 seconds .

========================================================================
Received Import Request.
  Time since last request: 1.975063 seconds.
  path: Assets/Scenes/Achivments 1.unity
  artifactKey: Guid(dd0a2bd4c30742a42a54de84f4bc732d) Importer(815301076,1909f56bfc062723c751e8b465ee728b)
Start importing Assets/Scenes/Achivments 1.unity using Guid(dd0a2bd4c30742a42a54de84f4bc732d) Importer(815301076,1909f56bfc062723c751e8b465ee728b)  -> (artifact id: '2f5af390185f5189153a5c3c7d62eeb7') in 0.009850 seconds
  Import took 0.015756 seconds .

========================================================================
Received Import Request.
  Time since last request: 6.009052 seconds.
  path: Assets/Scenes/Game.unity
  artifactKey: Guid(dd0a2bd4c30742a42a54de84f4bc732d) Importer(815301076,1909f56bfc062723c751e8b465ee728b)
Start importing Assets/Scenes/Game.unity using Guid(dd0a2bd4c30742a42a54de84f4bc732d) Importer(815301076,1909f56bfc062723c751e8b465ee728b)  -> (artifact id: 'e49ead1a588ebe713cab1180ab3faf72') in 0.011229 seconds
  Import took 0.015524 seconds .

========================================================================
Received Import Request.
  Time since last request: 6.554524 seconds.
  path: Assets/Scenes/Start.unity
  artifactKey: Guid(f37ea550b33fb71488df2d658cec33f7) Importer(815301076,1909f56bfc062723c751e8b465ee728b)
Start importing Assets/Scenes/Start.unity using Guid(f37ea550b33fb71488df2d658cec33f7) Importer(815301076,1909f56bfc062723c751e8b465ee728b)  -> (artifact id: '24b8435be1c893d80b196639e256626a') in 0.003958 seconds
  Import took 0.009676 seconds .

========================================================================
Received Import Request.
  Time since last request: 12.235340 seconds.
  path: Assets/Scenes/Start.unity
  artifactKey: Guid(dd0a2bd4c30742a42a54de84f4bc732d) Importer(815301076,1909f56bfc062723c751e8b465ee728b)
Start importing Assets/Scenes/Start.unity using Guid(dd0a2bd4c30742a42a54de84f4bc732d) Importer(815301076,1909f56bfc062723c751e8b465ee728b)  -> (artifact id: '356c087ca04f43573c687d1b16ffb27a') in 0.006565 seconds
  Import took 0.011817 seconds .

========================================================================
Received Import Request.
  Time since last request: 0.005671 seconds.
  path: Assets/Scenes/Start.unity
  artifactKey: Guid(dd0a2bd4c30742a42a54de84f4bc732d) Importer(815301076,1909f56bfc062723c751e8b465ee728b)
Start importing Assets/Scenes/Start.unity using Guid(dd0a2bd4c30742a42a54de84f4bc732d) Importer(815301076,1909f56bfc062723c751e8b465ee728b)  -> (artifact id: '356c087ca04f43573c687d1b16ffb27a') in 0.004773 seconds
  Import took 0.013357 seconds .

========================================================================
Received Import Request.
  Time since last request: 448.222517 seconds.
  path: Assets/Scripts/SceneLoader.cs
  artifactKey: Guid(64fdf4bccce8ace4fa4bbf86a013f590) Importer(815301076,1909f56bfc062723c751e8b465ee728b)
Start importing Assets/Scripts/SceneLoader.cs using Guid(64fdf4bccce8ace4fa4bbf86a013f590) Importer(815301076,1909f56bfc062723c751e8b465ee728b)  -> (artifact id: 'b4eac094961e1d232a1f1d8e5fbfe5bc') in 0.017014 seconds
  Import took 0.028206 seconds .

========================================================================
Received Prepare
Registering precompiled user dll's ...
Registered in 0.001252 seconds.
Begin MonoManager ReloadAssembly
Native extension for WindowsStandalone target not found
Refreshing native plugins compatible for Editor in 0.54 ms, found 1 plugins.
Preloading 0 native plugins for Editor in 0.00 ms.
Invoked RoslynAnalysisRunner static constructor.
RoslynAnalysisRunner will not be running.
RoslynAnalysisRunner has terminated.
Mono: successfully reloaded assembly
- Completed reload, in  1.626 seconds
Platform modules already initialized, skipping
Refreshing native plugins compatible for Editor in 0.45 ms, found 1 plugins.
Preloading 0 native plugins for Editor in 0.00 ms.
Unloading 1791 Unused Serialized files (Serialized files now loaded: 0)
System memory in use before: 87.2 MB.
System memory in use after: 87.2 MB.

Unloading 12 unused Assets to reduce memory usage. Loaded Objects now: 2249.
Total: 3.012600 ms (FindLiveObjects: 0.278700 ms CreateObjectMapping: 0.164700 ms MarkObjects: 2.434500 ms  DeleteObjects: 0.132700 ms)

========================================================================
Received Prepare
Registering precompiled user dll's ...
Registered in 0.001013 seconds.
Begin MonoManager ReloadAssembly
Native extension for WindowsStandalone target not found
Refreshing native plugins compatible for Editor in 0.47 ms, found 1 plugins.
Preloading 0 native plugins for Editor in 0.00 ms.
Invoked RoslynAnalysisRunner static constructor.
RoslynAnalysisRunner will not be running.
RoslynAnalysisRunner has terminated.
Mono: successfully reloaded assembly
- Completed reload, in  1.457 seconds
Platform modules already initialized, skipping
Refreshing native plugins compatible for Editor in 0.44 ms, found 1 plugins.
Preloading 0 native plugins for Editor in 0.00 ms.
Unloading 1792 Unused Serialized files (Serialized files now loaded: 0)
System memory in use before: 87.4 MB.
System memory in use after: 87.4 MB.

Unloading 12 unused Assets to reduce memory usage. Loaded Objects now: 2252.
Total: 2.571600 ms (FindLiveObjects: 0.313500 ms CreateObjectMapping: 0.077100 ms MarkObjects: 2.040200 ms  DeleteObjects: 0.139000 ms)

========================================================================
Received Prepare
Registering precompiled user dll's ...
Registered in 0.001009 seconds.
Begin MonoManager ReloadAssembly
Native extension for WindowsStandalone target not found
Refreshing native plugins compatible for Editor in 0.46 ms, found 1 plugins.
Preloading 0 native plugins for Editor in 0.00 ms.
Invoked RoslynAnalysisRunner static constructor.
RoslynAnalysisRunner will not be running.
RoslynAnalysisRunner has terminated.
Mono: successfully reloaded assembly
- Completed reload, in  1.458 seconds
Platform modules already initialized, skipping
Refreshing native plugins compatible for Editor in 0.47 ms, found 1 plugins.
Preloading 0 native plugins for Editor in 0.00 ms.
Unloading 1792 Unused Serialized files (Serialized files now loaded: 0)
System memory in use before: 87.5 MB.
System memory in use after: 87.5 MB.

Unloading 12 unused Assets to reduce memory usage. Loaded Objects now: 2255.
Total: 2.469300 ms (FindLiveObjects: 0.199700 ms CreateObjectMapping: 0.075600 ms MarkObjects: 2.058900 ms  DeleteObjects: 0.133700 ms)

========================================================================
Received Prepare
Registering precompiled user dll's ...
Registered in 0.001002 seconds.
Begin MonoManager ReloadAssembly
Native extension for WindowsStandalone target not found
Refreshing native plugins compatible for Editor in 1.04 ms, found 1 plugins.
Preloading 0 native plugins for Editor in 0.00 ms.
Invoked RoslynAnalysisRunner static constructor.
RoslynAnalysisRunner will not be running.
RoslynAnalysisRunner has terminated.
Mono: successfully reloaded assembly
- Completed reload, in  1.541 seconds
Platform modules already initialized, skipping
Refreshing native plugins compatible for Editor in 0.48 ms, found 1 plugins.
Preloading 0 native plugins for Editor in 0.00 ms.
Unloading 1792 Unused Serialized files (Serialized files now loaded: 0)
System memory in use before: 87.6 MB.
System memory in use after: 87.6 MB.

Unloading 12 unused Assets to reduce memory usage. Loaded Objects now: 2258.
Total: 2.881400 ms (FindLiveObjects: 0.311300 ms CreateObjectMapping: 0.180200 ms MarkObjects: 2.245600 ms  DeleteObjects: 0.142700 ms)

========================================================================
Received Prepare
Registering precompiled user dll's ...
Registered in 0.001037 seconds.
Begin MonoManager ReloadAssembly
Native extension for WindowsStandalone target not found
Refreshing native plugins compatible for Editor in 0.62 ms, found 1 plugins.
Preloading 0 native plugins for Editor in 0.00 ms.
Invoked RoslynAnalysisRunner static constructor.
RoslynAnalysisRunner will not be running.
RoslynAnalysisRunner has terminated.
Mono: successfully reloaded assembly
- Completed reload, in  1.774 seconds
Platform modules already initialized, skipping
Refreshing native plugins compatible for Editor in 0.45 ms, found 1 plugins.
Preloading 0 native plugins for Editor in 0.00 ms.
Unloading 1792 Unused Serialized files (Serialized files now loaded: 0)
System memory in use before: 87.8 MB.
System memory in use after: 87.8 MB.

Unloading 12 unused Assets to reduce memory usage. Loaded Objects now: 2261.
Total: 2.834800 ms (FindLiveObjects: 0.259200 ms CreateObjectMapping: 0.099400 ms MarkObjects: 2.304200 ms  DeleteObjects: 0.169800 ms)

========================================================================
Received Prepare
Registering precompiled user dll's ...
Registered in 0.001076 seconds.
Begin MonoManager ReloadAssembly
Native extension for WindowsStandalone target not found
Refreshing native plugins compatible for Editor in 0.47 ms, found 1 plugins.
Preloading 0 native plugins for Editor in 0.00 ms.
Invoked RoslynAnalysisRunner static constructor.
RoslynAnalysisRunner will not be running.
RoslynAnalysisRunner has terminated.
Mono: successfully reloaded assembly
- Completed reload, in  1.518 seconds
Platform modules already initialized, skipping
Refreshing native plugins compatible for Editor in 0.44 ms, found 1 plugins.
Preloading 0 native plugins for Editor in 0.00 ms.
Unloading 1792 Unused Serialized files (Serialized files now loaded: 0)
System memory in use before: 87.9 MB.
System memory in use after: 87.9 MB.

Unloading 12 unused Assets to reduce memory usage. Loaded Objects now: 2264.
Total: 2.873300 ms (FindLiveObjects: 0.216400 ms CreateObjectMapping: 0.077000 ms MarkObjects: 2.443000 ms  DeleteObjects: 0.135100 ms)

========================================================================
Received Prepare
Registering precompiled user dll's ...
Registered in 0.001043 seconds.
Begin MonoManager ReloadAssembly
Native extension for WindowsStandalone target not found
Refreshing native plugins compatible for Editor in 0.46 ms, found 1 plugins.
Preloading 0 native plugins for Editor in 0.00 ms.
Invoked RoslynAnalysisRunner static constructor.
RoslynAnalysisRunner will not be running.
RoslynAnalysisRunner has terminated.
Mono: successfully reloaded assembly
- Completed reload, in  1.389 seconds
Platform modules already initialized, skipping
Refreshing native plugins compatible for Editor in 0.53 ms, found 1 plugins.
Preloading 0 native plugins for Editor in 0.00 ms.
Unloading 1792 Unused Serialized files (Serialized files now loaded: 0)
System memory in use before: 88.0 MB.
System memory in use after: 88.0 MB.

Unloading 12 unused Assets to reduce memory usage. Loaded Objects now: 2267.
Total: 2.393900 ms (FindLiveObjects: 0.212300 ms CreateObjectMapping: 0.074600 ms MarkObjects: 1.966000 ms  DeleteObjects: 0.139600 ms)

========================================================================
Received Prepare
Registering precompiled user dll's ...
Registered in 0.001070 seconds.
Begin MonoManager ReloadAssembly
Native extension for WindowsStandalone target not found
Refreshing native plugins compatible for Editor in 0.47 ms, found 1 plugins.
Preloading 0 native plugins for Editor in 0.00 ms.
Invoked RoslynAnalysisRunner static constructor.
RoslynAnalysisRunner will not be running.
RoslynAnalysisRunner has terminated.
Mono: successfully reloaded assembly
- Completed reload, in  1.460 seconds
Platform modules already initialized, skipping
Refreshing native plugins compatible for Editor in 0.47 ms, found 1 plugins.
Preloading 0 native plugins for Editor in 0.00 ms.
Unloading 1792 Unused Serialized files (Serialized files now loaded: 0)
System memory in use before: 88.1 MB.
System memory in use after: 88.1 MB.

Unloading 12 unused Assets to reduce memory usage. Loaded Objects now: 2270.
Total: 2.694900 ms (FindLiveObjects: 0.280200 ms CreateObjectMapping: 0.140600 ms MarkObjects: 2.132900 ms  DeleteObjects: 0.139500 ms)

========================================================================
Received Prepare
Registering precompiled user dll's ...
Registered in 0.000953 seconds.
Begin MonoManager ReloadAssembly
Native extension for WindowsStandalone target not found
Refreshing native plugins compatible for Editor in 0.45 ms, found 1 plugins.
Preloading 0 native plugins for Editor in 0.00 ms.
Invoked RoslynAnalysisRunner static constructor.
RoslynAnalysisRunner will not be running.
RoslynAnalysisRunner has terminated.
Mono: successfully reloaded assembly
- Completed reload, in  1.517 seconds
Platform modules already initialized, skipping
Refreshing native plugins compatible for Editor in 0.45 ms, found 1 plugins.
Preloading 0 native plugins for Editor in 0.00 ms.
Unloading 1792 Unused Serialized files (Serialized files now loaded: 0)
System memory in use before: 88.2 MB.
System memory in use after: 88.2 MB.

Unloading 12 unused Assets to reduce memory usage. Loaded Objects now: 2273.
Total: 2.809000 ms (FindLiveObjects: 0.393700 ms CreateObjectMapping: 0.130700 ms MarkObjects: 2.146500 ms  DeleteObjects: 0.136200 ms)

========================================================================
Received Prepare
Registering precompiled user dll's ...
Registered in 0.002186 seconds.
Begin MonoManager ReloadAssembly
Native extension for WindowsStandalone target not found
Refreshing native plugins compatible for Editor in 0.45 ms, found 1 plugins.
Preloading 0 native plugins for Editor in 0.00 ms.
Invoked RoslynAnalysisRunner static constructor.
RoslynAnalysisRunner will not be running.
RoslynAnalysisRunner has terminated.
Mono: successfully reloaded assembly
- Completed reload, in  1.516 seconds
Platform modules already initialized, skipping
Refreshing native plugins compatible for Editor in 0.45 ms, found 1 plugins.
Preloading 0 native plugins for Editor in 0.00 ms.
Unloading 1792 Unused Serialized files (Serialized files now loaded: 0)
System memory in use before: 88.3 MB.
System memory in use after: 88.3 MB.

Unloading 12 unused Assets to reduce memory usage. Loaded Objects now: 2276.
Total: 2.973100 ms (FindLiveObjects: 0.235700 ms CreateObjectMapping: 0.081600 ms MarkObjects: 2.511700 ms  DeleteObjects: 0.142100 ms)

========================================================================
Received Prepare
Registering precompiled user dll's ...
Registered in 0.000983 seconds.
Begin MonoManager ReloadAssembly
Native extension for WindowsStandalone target not found
Refreshing native plugins compatible for Editor in 0.48 ms, found 1 plugins.
Preloading 0 native plugins for Editor in 0.00 ms.
Invoked RoslynAnalysisRunner static constructor.
RoslynAnalysisRunner will not be running.
RoslynAnalysisRunner has terminated.
Mono: successfully reloaded assembly
- Completed reload, in  1.539 seconds
Platform modules already initialized, skipping
Refreshing native plugins compatible for Editor in 0.47 ms, found 1 plugins.
Preloading 0 native plugins for Editor in 0.00 ms.
Unloading 1792 Unused Serialized files (Serialized files now loaded: 0)
System memory in use before: 88.5 MB.
System memory in use after: 88.5 MB.

Unloading 12 unused Assets to reduce memory usage. Loaded Objects now: 2279.
Total: 3.006000 ms (FindLiveObjects: 0.278100 ms CreateObjectMapping: 0.137700 ms MarkObjects: 2.439500 ms  DeleteObjects: 0.148000 ms)

========================================================================
Received Import Request.
  Time since last request: 674.765810 seconds.
  path: Assets/Scenes/Start.unity
  artifactKey: Guid(dd0a2bd4c30742a42a54de84f4bc732d) Importer(815301076,1909f56bfc062723c751e8b465ee728b)
Start importing Assets/Scenes/Start.unity using Guid(dd0a2bd4c30742a42a54de84f4bc732d) Importer(815301076,1909f56bfc062723c751e8b465ee728b)  -> (artifact id: '5231472b7fc4b0605bdd09fd1baa12d6') in 0.020121 seconds
  Import took 0.025836 seconds .

========================================================================
Received Prepare
Registering precompiled user dll's ...
Registered in 0.001054 seconds.
Begin MonoManager ReloadAssembly
Native extension for WindowsStandalone target not found
Refreshing native plugins compatible for Editor in 0.51 ms, found 1 plugins.
Preloading 0 native plugins for Editor in 0.00 ms.
Invoked RoslynAnalysisRunner static constructor.
RoslynAnalysisRunner will not be running.
RoslynAnalysisRunner has terminated.
Mono: successfully reloaded assembly
- Completed reload, in  1.558 seconds
Platform modules already initialized, skipping
Refreshing native plugins compatible for Editor in 0.44 ms, found 1 plugins.
Preloading 0 native plugins for Editor in 0.00 ms.
Unloading 1792 Unused Serialized files (Serialized files now loaded: 0)
System memory in use before: 88.6 MB.
System memory in use after: 88.6 MB.

Unloading 12 unused Assets to reduce memory usage. Loaded Objects now: 2282.
Total: 2.408500 ms (FindLiveObjects: 0.206200 ms CreateObjectMapping: 0.076000 ms MarkObjects: 1.987600 ms  DeleteObjects: 0.137200 ms)

========================================================================
Received Prepare
Registering precompiled user dll's ...
Registered in 0.001806 seconds.
Begin MonoManager ReloadAssembly
Native extension for WindowsStandalone target not found
Refreshing native plugins compatible for Editor in 0.47 ms, found 1 plugins.
Preloading 0 native plugins for Editor in 0.00 ms.
Invoked RoslynAnalysisRunner static constructor.
RoslynAnalysisRunner will not be running.
RoslynAnalysisRunner has terminated.
Mono: successfully reloaded assembly
- Completed reload, in  1.556 seconds
Platform modules already initialized, skipping
Refreshing native plugins compatible for Editor in 0.50 ms, found 1 plugins.
Preloading 0 native plugins for Editor in 0.00 ms.
Unloading 1792 Unused Serialized files (Serialized files now loaded: 0)
System memory in use before: 88.7 MB.
System memory in use after: 88.7 MB.

Unloading 12 unused Assets to reduce memory usage. Loaded Objects now: 2285.
Total: 3.889100 ms (FindLiveObjects: 0.279200 ms CreateObjectMapping: 0.178400 ms MarkObjects: 3.253900 ms  DeleteObjects: 0.176000 ms)

========================================================================
Received Import Request.
  Time since last request: 245.348323 seconds.
  path: Assets/Scenes/Achivments.unity
  artifactKey: Guid(3dd177f90e09cb544a639da5403da7e8) Importer(815301076,1909f56bfc062723c751e8b465ee728b)
Start importing Assets/Scenes/Achivments.unity using Guid(3dd177f90e09cb544a639da5403da7e8) Importer(815301076,1909f56bfc062723c751e8b465ee728b)  -> (artifact id: 'a721977b541a05eb5af07b45df677202') in 0.018661 seconds
  Import took 0.023993 seconds .

========================================================================
Received Prepare
Refreshing native plugins compatible for Editor in 2.04 ms, found 1 plugins.
Preloading 0 native plugins for Editor in 0.00 ms.
Unloading 13 Unused Serialized files (Serialized files now loaded: 0)
System memory in use before: 53.6 MB.
System memory in use after: 53.6 MB.

Unloading 10 unused Assets to reduce memory usage. Loaded Objects now: 2285.
Total: 3.528200 ms (FindLiveObjects: 0.271200 ms CreateObjectMapping: 0.112400 ms MarkObjects: 2.990500 ms  DeleteObjects: 0.151500 ms)

========================================================================
Received Prepare
Registering precompiled user dll's ...
Registered in 0.001098 seconds.
Begin MonoManager ReloadAssembly
Native extension for WindowsStandalone target not found
Refreshing native plugins compatible for Editor in 0.57 ms, found 1 plugins.
Preloading 0 native plugins for Editor in 0.00 ms.
Invoked RoslynAnalysisRunner static constructor.
RoslynAnalysisRunner will not be running.
RoslynAnalysisRunner has terminated.
Mono: successfully reloaded assembly
- Completed reload, in  1.442 seconds
Platform modules already initialized, skipping
Refreshing native plugins compatible for Editor in 0.51 ms, found 1 plugins.
Preloading 0 native plugins for Editor in 0.00 ms.
Unloading 1791 Unused Serialized files (Serialized files now loaded: 0)
System memory in use before: 88.9 MB.
System memory in use after: 88.9 MB.

Unloading 12 unused Assets to reduce memory usage. Loaded Objects now: 2288.
Total: 6.997200 ms (FindLiveObjects: 1.248700 ms CreateObjectMapping: 1.821500 ms MarkObjects: 3.784600 ms  DeleteObjects: 0.140100 ms)

========================================================================
Received Import Request.
  Time since last request: 2083.022303 seconds.
  path: Assets/Scripts/AchivementHolder.cs
  artifactKey: Guid(1bb109ca151cb9f41b329327bfedab94) Importer(815301076,1909f56bfc062723c751e8b465ee728b)
Start importing Assets/Scripts/AchivementHolder.cs using Guid(1bb109ca151cb9f41b329327bfedab94) Importer(815301076,1909f56bfc062723c751e8b465ee728b)  -> (artifact id: '3dac95838317119fc1a4061f2170e795') in 0.026448 seconds
  Import took 0.031623 seconds .

========================================================================
Received Import Request.
  Time since last request: 0.376735 seconds.
  path: Assets/Scripts/AchivementRevarder.cs
  artifactKey: Guid(939a4fa272812a24080ecf50770f0cbb) Importer(815301076,1909f56bfc062723c751e8b465ee728b)
Start importing Assets/Scripts/AchivementRevarder.cs using Guid(939a4fa272812a24080ecf50770f0cbb) Importer(815301076,1909f56bfc062723c751e8b465ee728b)  -> (artifact id: '2804456e2bbda08f494e84dd547fe710') in 0.013364 seconds
  Import took 0.018241 seconds .

========================================================================
Received Prepare
Registering precompiled user dll's ...
Registered in 0.000993 seconds.
Begin MonoManager ReloadAssembly
Native extension for WindowsStandalone target not found
Refreshing native plugins compatible for Editor in 0.46 ms, found 1 plugins.
Preloading 0 native plugins for Editor in 0.00 ms.
Invoked RoslynAnalysisRunner static constructor.
RoslynAnalysisRunner will not be running.
RoslynAnalysisRunner has terminated.
Mono: successfully reloaded assembly
- Completed reload, in  1.568 seconds
Platform modules already initialized, skipping
Refreshing native plugins compatible for Editor in 0.46 ms, found 1 plugins.
Preloading 0 native plugins for Editor in 0.00 ms.
Unloading 1792 Unused Serialized files (Serialized files now loaded: 0)
System memory in use before: 89.0 MB.
System memory in use after: 89.0 MB.

Unloading 12 unused Assets to reduce memory usage. Loaded Objects now: 2291.
Total: 2.650500 ms (FindLiveObjects: 0.253700 ms CreateObjectMapping: 0.103900 ms MarkObjects: 2.149100 ms  DeleteObjects: 0.141900 ms)

========================================================================
Received Import Request.
  Time since last request: 189.974642 seconds.
  path: Assets/Scripts/IdleHolder.cs
  artifactKey: Guid(1947a221827f06249ae76d0097009921) Importer(815301076,1909f56bfc062723c751e8b465ee728b)
Start importing Assets/Scripts/IdleHolder.cs using Guid(1947a221827f06249ae76d0097009921) Importer(815301076,1909f56bfc062723c751e8b465ee728b)  -> (artifact id: '30468aa50cb4f3111e5a96057884adb2') in 0.024920 seconds
  Import took 0.029891 seconds .

========================================================================
Received Prepare
Registering precompiled user dll's ...
Registered in 0.001030 seconds.
Begin MonoManager ReloadAssembly
Native extension for WindowsStandalone target not found
Refreshing native plugins compatible for Editor in 1.00 ms, found 1 plugins.
Preloading 0 native plugins for Editor in 0.00 ms.
Invoked RoslynAnalysisRunner static constructor.
RoslynAnalysisRunner will not be running.
RoslynAnalysisRunner has terminated.
Mono: successfully reloaded assembly
- Completed reload, in  1.643 seconds
Platform modules already initialized, skipping
Refreshing native plugins compatible for Editor in 0.45 ms, found 1 plugins.
Preloading 0 native plugins for Editor in 0.00 ms.
Unloading 1793 Unused Serialized files (Serialized files now loaded: 0)
System memory in use before: 89.1 MB.
System memory in use after: 89.1 MB.

Unloading 12 unused Assets to reduce memory usage. Loaded Objects now: 2295.
Total: 2.577200 ms (FindLiveObjects: 0.237100 ms CreateObjectMapping: 0.080500 ms MarkObjects: 2.108700 ms  DeleteObjects: 0.149600 ms)

========================================================================
Received Prepare
Registering precompiled user dll's ...
Registered in 0.001022 seconds.
Begin MonoManager ReloadAssembly
Native extension for WindowsStandalone target not found
Refreshing native plugins compatible for Editor in 0.43 ms, found 1 plugins.
Preloading 0 native plugins for Editor in 0.00 ms.
Invoked RoslynAnalysisRunner static constructor.
RoslynAnalysisRunner will not be running.
RoslynAnalysisRunner has terminated.
Mono: successfully reloaded assembly
- Completed reload, in  1.586 seconds
Platform modules already initialized, skipping
Refreshing native plugins compatible for Editor in 0.45 ms, found 1 plugins.
Preloading 0 native plugins for Editor in 0.00 ms.
Unloading 1793 Unused Serialized files (Serialized files now loaded: 0)
System memory in use before: 89.2 MB.
System memory in use after: 89.2 MB.

Unloading 12 unused Assets to reduce memory usage. Loaded Objects now: 2298.
Total: 2.847300 ms (FindLiveObjects: 0.213200 ms CreateObjectMapping: 0.077100 ms MarkObjects: 2.419900 ms  DeleteObjects: 0.135900 ms)

========================================================================
Received Import Request.
  Time since last request: 511.574915 seconds.
  path: Assets/Scripts/IdleHolder.cs
  artifactKey: Guid(1947a221827f06249ae76d0097009921) Importer(815301076,1909f56bfc062723c751e8b465ee728b)
Start importing Assets/Scripts/IdleHolder.cs using Guid(1947a221827f06249ae76d0097009921) Importer(815301076,1909f56bfc062723c751e8b465ee728b)  -> (artifact id: '42f82c2496efbfb892a979ed4be27aed') in 0.007033 seconds
  Import took 0.011086 seconds .

========================================================================
Received Prepare
Registering precompiled user dll's ...
Registered in 0.001023 seconds.
Begin MonoManager ReloadAssembly
Native extension for WindowsStandalone target not found
Refreshing native plugins compatible for Editor in 0.46 ms, found 1 plugins.
Preloading 0 native plugins for Editor in 0.00 ms.
Invoked RoslynAnalysisRunner static constructor.
RoslynAnalysisRunner will not be running.
RoslynAnalysisRunner has terminated.
Mono: successfully reloaded assembly
- Completed reload, in  1.579 seconds
Platform modules already initialized, skipping
Refreshing native plugins compatible for Editor in 0.45 ms, found 1 plugins.
Preloading 0 native plugins for Editor in 0.00 ms.
Unloading 1793 Unused Serialized files (Serialized files now loaded: 0)
System memory in use before: 89.3 MB.
System memory in use after: 89.3 MB.

Unloading 12 unused Assets to reduce memory usage. Loaded Objects now: 2301.
Total: 2.449600 ms (FindLiveObjects: 0.226600 ms CreateObjectMapping: 0.079900 ms MarkObjects: 2.005100 ms  DeleteObjects: 0.136400 ms)

========================================================================
Received Prepare
Registering precompiled user dll's ...
Registered in 0.001015 seconds.
Begin MonoManager ReloadAssembly
Native extension for WindowsStandalone target not found
Refreshing native plugins compatible for Editor in 0.45 ms, found 1 plugins.
Preloading 0 native plugins for Editor in 0.00 ms.
Invoked RoslynAnalysisRunner static constructor.
RoslynAnalysisRunner will not be running.
RoslynAnalysisRunner has terminated.
Mono: successfully reloaded assembly
- Completed reload, in  1.563 seconds
Platform modules already initialized, skipping
Refreshing native plugins compatible for Editor in 0.48 ms, found 1 plugins.
Preloading 0 native plugins for Editor in 0.00 ms.
Unloading 1793 Unused Serialized files (Serialized files now loaded: 0)
System memory in use before: 88.5 MB.
System memory in use after: 88.5 MB.

Unloading 12 unused Assets to reduce memory usage. Loaded Objects now: 2304.
Total: 2.543500 ms (FindLiveObjects: 0.239500 ms CreateObjectMapping: 0.075400 ms MarkObjects: 2.097600 ms  DeleteObjects: 0.129400 ms)

========================================================================
Received Prepare
Registering precompiled user dll's ...
Registered in 0.001123 seconds.
Begin MonoManager ReloadAssembly
Native extension for WindowsStandalone target not found
Refreshing native plugins compatible for Editor in 0.59 ms, found 1 plugins.
Preloading 0 native plugins for Editor in 0.00 ms.
Invoked RoslynAnalysisRunner static constructor.
RoslynAnalysisRunner will not be running.
RoslynAnalysisRunner has terminated.
Mono: successfully reloaded assembly
- Completed reload, in  1.584 seconds
Platform modules already initialized, skipping
Refreshing native plugins compatible for Editor in 0.46 ms, found 1 plugins.
Preloading 0 native plugins for Editor in 0.00 ms.
Unloading 1793 Unused Serialized files (Serialized files now loaded: 0)
System memory in use before: 88.6 MB.
System memory in use after: 88.6 MB.

Unloading 12 unused Assets to reduce memory usage. Loaded Objects now: 2307.
Total: 3.202200 ms (FindLiveObjects: 0.230700 ms CreateObjectMapping: 0.078400 ms MarkObjects: 2.754700 ms  DeleteObjects: 0.136100 ms)

========================================================================
Received Prepare
Registering precompiled user dll's ...
Registered in 0.001062 seconds.
Begin MonoManager ReloadAssembly
Native extension for WindowsStandalone target not found
Refreshing native plugins compatible for Editor in 0.49 ms, found 1 plugins.
Preloading 0 native plugins for Editor in 0.00 ms.
Invoked RoslynAnalysisRunner static constructor.
RoslynAnalysisRunner will not be running.
RoslynAnalysisRunner has terminated.
Mono: successfully reloaded assembly
- Completed reload, in  1.560 seconds
Platform modules already initialized, skipping
Refreshing native plugins compatible for Editor in 0.44 ms, found 1 plugins.
Preloading 0 native plugins for Editor in 0.00 ms.
Unloading 1793 Unused Serialized files (Serialized files now loaded: 0)
System memory in use before: 88.7 MB.
System memory in use after: 88.7 MB.

Unloading 12 unused Assets to reduce memory usage. Loaded Objects now: 2310.
Total: 2.711200 ms (FindLiveObjects: 0.396000 ms CreateObjectMapping: 0.120700 ms MarkObjects: 2.058900 ms  DeleteObjects: 0.133800 ms)

========================================================================
Received Prepare
Registering precompiled user dll's ...
Registered in 0.001262 seconds.
Begin MonoManager ReloadAssembly
Native extension for WindowsStandalone target not found
Refreshing native plugins compatible for Editor in 0.47 ms, found 1 plugins.
Preloading 0 native plugins for Editor in 0.00 ms.
Invoked RoslynAnalysisRunner static constructor.
RoslynAnalysisRunner will not be running.
RoslynAnalysisRunner has terminated.
Mono: successfully reloaded assembly
- Completed reload, in  1.962 seconds
Platform modules already initialized, skipping
Refreshing native plugins compatible for Editor in 0.46 ms, found 1 plugins.
Preloading 0 native plugins for Editor in 0.00 ms.
Unloading 1793 Unused Serialized files (Serialized files now loaded: 0)
System memory in use before: 88.8 MB.
System memory in use after: 88.8 MB.

Unloading 12 unused Assets to reduce memory usage. Loaded Objects now: 2313.
Total: 8.787000 ms (FindLiveObjects: 0.294000 ms CreateObjectMapping: 0.126400 ms MarkObjects: 8.015100 ms  DeleteObjects: 0.349200 ms)

========================================================================
Received Prepare
Registering precompiled user dll's ...
Registered in 0.001002 seconds.
Begin MonoManager ReloadAssembly
Native extension for WindowsStandalone target not found
Refreshing native plugins compatible for Editor in 0.46 ms, found 1 plugins.
Preloading 0 native plugins for Editor in 0.00 ms.
Invoked RoslynAnalysisRunner static constructor.
RoslynAnalysisRunner will not be running.
RoslynAnalysisRunner has terminated.
Mono: successfully reloaded assembly
- Completed reload, in  1.659 seconds
Platform modules already initialized, skipping
Refreshing native plugins compatible for Editor in 0.52 ms, found 1 plugins.
Preloading 0 native plugins for Editor in 0.00 ms.
Unloading 1793 Unused Serialized files (Serialized files now loaded: 0)
System memory in use before: 88.9 MB.
System memory in use after: 88.9 MB.

Unloading 12 unused Assets to reduce memory usage. Loaded Objects now: 2316.
Total: 3.540500 ms (FindLiveObjects: 0.638600 ms CreateObjectMapping: 0.392100 ms MarkObjects: 2.329800 ms  DeleteObjects: 0.178200 ms)

========================================================================
Received Prepare
Registering precompiled user dll's ...
Registered in 0.001682 seconds.
Begin MonoManager ReloadAssembly
Native extension for WindowsStandalone target not found
Refreshing native plugins compatible for Editor in 0.55 ms, found 1 plugins.
Preloading 0 native plugins for Editor in 0.00 ms.
Invoked RoslynAnalysisRunner static constructor.
RoslynAnalysisRunner will not be running.
RoslynAnalysisRunner has terminated.
Mono: successfully reloaded assembly
- Completed reload, in  1.621 seconds
Platform modules already initialized, skipping
Refreshing native plugins compatible for Editor in 0.45 ms, found 1 plugins.
Preloading 0 native plugins for Editor in 0.00 ms.
Unloading 1793 Unused Serialized files (Serialized files now loaded: 0)
System memory in use before: 89.0 MB.
System memory in use after: 89.0 MB.

Unloading 12 unused Assets to reduce memory usage. Loaded Objects now: 2319.
Total: 2.494100 ms (FindLiveObjects: 0.212300 ms CreateObjectMapping: 0.074400 ms MarkObjects: 2.008800 ms  DeleteObjects: 0.196600 ms)

========================================================================
Received Prepare
Registering precompiled user dll's ...
Registered in 0.001002 seconds.
Begin MonoManager ReloadAssembly
Native extension for WindowsStandalone target not found
Refreshing native plugins compatible for Editor in 0.44 ms, found 1 plugins.
Preloading 0 native plugins for Editor in 0.00 ms.
Invoked RoslynAnalysisRunner static constructor.
RoslynAnalysisRunner will not be running.
RoslynAnalysisRunner has terminated.
Mono: successfully reloaded assembly
- Completed reload, in  1.517 seconds
Platform modules already initialized, skipping
Refreshing native plugins compatible for Editor in 0.44 ms, found 1 plugins.
Preloading 0 native plugins for Editor in 0.00 ms.
Unloading 1793 Unused Serialized files (Serialized files now loaded: 0)
System memory in use before: 89.1 MB.
System memory in use after: 89.1 MB.

Unloading 12 unused Assets to reduce memory usage. Loaded Objects now: 2322.
Total: 2.657400 ms (FindLiveObjects: 0.257100 ms CreateObjectMapping: 0.077900 ms MarkObjects: 2.189800 ms  DeleteObjects: 0.131000 ms)

========================================================================
Received Prepare
Registering precompiled user dll's ...
Registered in 0.001021 seconds.
Begin MonoManager ReloadAssembly
Native extension for WindowsStandalone target not found
Refreshing native plugins compatible for Editor in 0.46 ms, found 1 plugins.
Preloading 0 native plugins for Editor in 0.00 ms.
Invoked RoslynAnalysisRunner static constructor.
RoslynAnalysisRunner will not be running.
RoslynAnalysisRunner has terminated.
Mono: successfully reloaded assembly
- Completed reload, in  1.684 seconds
Platform modules already initialized, skipping
Refreshing native plugins compatible for Editor in 0.46 ms, found 1 plugins.
Preloading 0 native plugins for Editor in 0.00 ms.
Unloading 1793 Unused Serialized files (Serialized files now loaded: 0)
System memory in use before: 89.3 MB.
System memory in use after: 89.3 MB.

Unloading 12 unused Assets to reduce memory usage. Loaded Objects now: 2325.
Total: 2.502800 ms (FindLiveObjects: 0.232400 ms CreateObjectMapping: 0.080800 ms MarkObjects: 2.048300 ms  DeleteObjects: 0.139100 ms)

========================================================================
Received Prepare
Registering precompiled user dll's ...
Registered in 0.001049 seconds.
Begin MonoManager ReloadAssembly
Native extension for WindowsStandalone target not found
Refreshing native plugins compatible for Editor in 0.48 ms, found 1 plugins.
Preloading 0 native plugins for Editor in 0.00 ms.
Invoked RoslynAnalysisRunner static constructor.
RoslynAnalysisRunner will not be running.
RoslynAnalysisRunner has terminated.
Mono: successfully reloaded assembly
- Completed reload, in  1.787 seconds
Platform modules already initialized, skipping
Refreshing native plugins compatible for Editor in 0.45 ms, found 1 plugins.
Preloading 0 native plugins for Editor in 0.00 ms.
Unloading 1793 Unused Serialized files (Serialized files now loaded: 0)
System memory in use before: 89.4 MB.
System memory in use after: 89.4 MB.

Unloading 12 unused Assets to reduce memory usage. Loaded Objects now: 2328.
Total: 2.548100 ms (FindLiveObjects: 0.224900 ms CreateObjectMapping: 0.079700 ms MarkObjects: 2.106100 ms  DeleteObjects: 0.135500 ms)

========================================================================
Received Prepare
Registering precompiled user dll's ...
Registered in 0.001106 seconds.
Begin MonoManager ReloadAssembly
Native extension for WindowsStandalone target not found
Refreshing native plugins compatible for Editor in 0.45 ms, found 1 plugins.
Preloading 0 native plugins for Editor in 0.00 ms.
Invoked RoslynAnalysisRunner static constructor.
RoslynAnalysisRunner will not be running.
RoslynAnalysisRunner has terminated.
Mono: successfully reloaded assembly
- Completed reload, in  1.554 seconds
Platform modules already initialized, skipping
Refreshing native plugins compatible for Editor in 0.45 ms, found 1 plugins.
Preloading 0 native plugins for Editor in 0.00 ms.
Unloading 1793 Unused Serialized files (Serialized files now loaded: 0)
System memory in use before: 89.4 MB.
System memory in use after: 89.4 MB.

Unloading 12 unused Assets to reduce memory usage. Loaded Objects now: 2331.
Total: 3.316000 ms (FindLiveObjects: 0.363600 ms CreateObjectMapping: 0.110700 ms MarkObjects: 2.701900 ms  DeleteObjects: 0.138100 ms)

========================================================================
Received Prepare
Registering precompiled user dll's ...
Registered in 0.001470 seconds.
Begin MonoManager ReloadAssembly
Native extension for WindowsStandalone target not found
Refreshing native plugins compatible for Editor in 0.45 ms, found 1 plugins.
Preloading 0 native plugins for Editor in 0.00 ms.
Invoked RoslynAnalysisRunner static constructor.
RoslynAnalysisRunner will not be running.
RoslynAnalysisRunner has terminated.
Mono: successfully reloaded assembly
- Completed reload, in  2.030 seconds
Platform modules already initialized, skipping
Refreshing native plugins compatible for Editor in 0.47 ms, found 1 plugins.
Preloading 0 native plugins for Editor in 0.00 ms.
Unloading 1793 Unused Serialized files (Serialized files now loaded: 0)
System memory in use before: 88.6 MB.
System memory in use after: 88.6 MB.

Unloading 12 unused Assets to reduce memory usage. Loaded Objects now: 2334.
Total: 3.404700 ms (FindLiveObjects: 0.226300 ms CreateObjectMapping: 0.080100 ms MarkObjects: 2.955500 ms  DeleteObjects: 0.141000 ms)

========================================================================
Received Prepare
Registering precompiled user dll's ...
Registered in 0.001029 seconds.
Begin MonoManager ReloadAssembly
Native extension for WindowsStandalone target not found
Refreshing native plugins compatible for Editor in 0.45 ms, found 1 plugins.
Preloading 0 native plugins for Editor in 0.00 ms.
Invoked RoslynAnalysisRunner static constructor.
RoslynAnalysisRunner will not be running.
RoslynAnalysisRunner has terminated.
Mono: successfully reloaded assembly
- Completed reload, in  1.652 seconds
Platform modules already initialized, skipping
Refreshing native plugins compatible for Editor in 0.93 ms, found 1 plugins.
Preloading 0 native plugins for Editor in 0.00 ms.
Unloading 1793 Unused Serialized files (Serialized files now loaded: 0)
System memory in use before: 88.7 MB.
System memory in use after: 88.7 MB.

Unloading 12 unused Assets to reduce memory usage. Loaded Objects now: 2337.
Total: 2.551000 ms (FindLiveObjects: 0.238300 ms CreateObjectMapping: 0.117300 ms MarkObjects: 2.064700 ms  DeleteObjects: 0.129400 ms)

========================================================================
Received Import Request.
  Time since last request: 770.159942 seconds.
  path: Assets/Scenes/Shop.unity
  artifactKey: Guid(2cda990e2423bbf4892e6590ba056729) Importer(815301076,1909f56bfc062723c751e8b465ee728b)
Start importing Assets/Scenes/Shop.unity using Guid(2cda990e2423bbf4892e6590ba056729) Importer(815301076,1909f56bfc062723c751e8b465ee728b)  -> (artifact id: 'c2bef6ed403bf0b3347628cafd7f1156') in 0.020686 seconds
  Import took 0.024830 seconds .

========================================================================
Received Prepare
Registering precompiled user dll's ...
Registered in 0.001229 seconds.
Begin MonoManager ReloadAssembly
Native extension for WindowsStandalone target not found
Refreshing native plugins compatible for Editor in 0.49 ms, found 1 plugins.
Preloading 0 native plugins for Editor in 0.00 ms.
Invoked RoslynAnalysisRunner static constructor.
RoslynAnalysisRunner will not be running.
RoslynAnalysisRunner has terminated.
Mono: successfully reloaded assembly
- Completed reload, in  1.761 seconds
Platform modules already initialized, skipping
Refreshing native plugins compatible for Editor in 0.47 ms, found 1 plugins.
Preloading 0 native plugins for Editor in 0.00 ms.
Unloading 1793 Unused Serialized files (Serialized files now loaded: 0)
System memory in use before: 88.8 MB.
System memory in use after: 88.8 MB.

Unloading 12 unused Assets to reduce memory usage. Loaded Objects now: 2340.
Total: 2.491800 ms (FindLiveObjects: 0.220900 ms CreateObjectMapping: 0.077000 ms MarkObjects: 2.017000 ms  DeleteObjects: 0.175200 ms)

========================================================================
Received Prepare
Registering precompiled user dll's ...
Registered in 0.001043 seconds.
Begin MonoManager ReloadAssembly
Native extension for WindowsStandalone target not found
Refreshing native plugins compatible for Editor in 0.56 ms, found 1 plugins.
Preloading 0 native plugins for Editor in 0.00 ms.
Invoked RoslynAnalysisRunner static constructor.
RoslynAnalysisRunner will not be running.
RoslynAnalysisRunner has terminated.
Mono: successfully reloaded assembly
- Completed reload, in  1.712 seconds
Platform modules already initialized, skipping
Refreshing native plugins compatible for Editor in 0.45 ms, found 1 plugins.
Preloading 0 native plugins for Editor in 0.00 ms.
Unloading 1793 Unused Serialized files (Serialized files now loaded: 0)
System memory in use before: 88.9 MB.
System memory in use after: 88.9 MB.

Unloading 12 unused Assets to reduce memory usage. Loaded Objects now: 2343.
Total: 2.478400 ms (FindLiveObjects: 0.236900 ms CreateObjectMapping: 0.081400 ms MarkObjects: 2.021500 ms  DeleteObjects: 0.136700 ms)

========================================================================
Received Prepare
Registering precompiled user dll's ...
Registered in 0.001030 seconds.
Begin MonoManager ReloadAssembly
Native extension for WindowsStandalone target not found
Refreshing native plugins compatible for Editor in 0.54 ms, found 1 plugins.
Preloading 0 native plugins for Editor in 0.00 ms.
Invoked RoslynAnalysisRunner static constructor.
RoslynAnalysisRunner will not be running.
RoslynAnalysisRunner has terminated.
Mono: successfully reloaded assembly
- Completed reload, in  1.674 seconds
Platform modules already initialized, skipping
Refreshing native plugins compatible for Editor in 0.47 ms, found 1 plugins.
Preloading 0 native plugins for Editor in 0.00 ms.
Unloading 1793 Unused Serialized files (Serialized files now loaded: 0)
System memory in use before: 89.0 MB.
System memory in use after: 89.0 MB.

Unloading 12 unused Assets to reduce memory usage. Loaded Objects now: 2346.
Total: 3.066800 ms (FindLiveObjects: 0.270500 ms CreateObjectMapping: 0.114800 ms MarkObjects: 2.530300 ms  DeleteObjects: 0.149200 ms)

========================================================================
Received Prepare
Refreshing native plugins compatible for Editor in 2.60 ms, found 1 plugins.
Preloading 0 native plugins for Editor in 0.00 ms.
Unloading 13 Unused Serialized files (Serialized files now loaded: 0)
System memory in use before: 53.9 MB.
System memory in use after: 53.9 MB.

Unloading 10 unused Assets to reduce memory usage. Loaded Objects now: 2346.
Total: 4.635200 ms (FindLiveObjects: 0.261400 ms CreateObjectMapping: 0.080800 ms MarkObjects: 4.142700 ms  DeleteObjects: 0.148600 ms)

========================================================================
Received Import Request.
  Time since last request: 588.959563 seconds.
  path: Assets/Scenes/Shop.unity
  artifactKey: Guid(2cda990e2423bbf4892e6590ba056729) Importer(815301076,1909f56bfc062723c751e8b465ee728b)
Start importing Assets/Scenes/Shop.unity using Guid(2cda990e2423bbf4892e6590ba056729) Importer(815301076,1909f56bfc062723c751e8b465ee728b)  -> (artifact id: '61fab73f3502d680a8b833f2c16695fe') in 0.020235 seconds
  Import took 0.025839 seconds .

========================================================================
Received Prepare
Registering precompiled user dll's ...
Registered in 0.001090 seconds.
Begin MonoManager ReloadAssembly
Native extension for WindowsStandalone target not found
Refreshing native plugins compatible for Editor in 0.46 ms, found 1 plugins.
Preloading 0 native plugins for Editor in 0.00 ms.
Invoked RoslynAnalysisRunner static constructor.
RoslynAnalysisRunner will not be running.
RoslynAnalysisRunner has terminated.
Mono: successfully reloaded assembly
- Completed reload, in  1.799 seconds
Platform modules already initialized, skipping
Refreshing native plugins compatible for Editor in 0.45 ms, found 1 plugins.
Preloading 0 native plugins for Editor in 0.00 ms.
Unloading 1792 Unused Serialized files (Serialized files now loaded: 0)
System memory in use before: 89.2 MB.
System memory in use after: 89.2 MB.

Unloading 12 unused Assets to reduce memory usage. Loaded Objects now: 2349.
Total: 2.583200 ms (FindLiveObjects: 0.218300 ms CreateObjectMapping: 0.077600 ms MarkObjects: 2.044100 ms  DeleteObjects: 0.241600 ms)

========================================================================
Received Import Request.
  Time since last request: 268.537700 seconds.
  path: Assets/Images/CatClickerIcon.psd
  artifactKey: Guid(42c0f6f98f5b747448d0091ff8d308a8) Importer(815301076,1909f56bfc062723c751e8b465ee728b)
Start importing Assets/Images/CatClickerIcon.psd using Guid(42c0f6f98f5b747448d0091ff8d308a8) Importer(815301076,1909f56bfc062723c751e8b465ee728b)  -> (artifact id: '14366006a692cf60c3203dedd9fccfd9') in 0.153023 seconds
  Import took 0.159912 seconds .

========================================================================
Received Import Request.
  Time since last request: 0.000055 seconds.
  path: Assets/Images/ClickerBackGroundStart1.psd
  artifactKey: Guid(ebc906e128a94e44095807ad021ea341) Importer(815301076,1909f56bfc062723c751e8b465ee728b)
Start importing Assets/Images/ClickerBackGroundStart1.psd using Guid(ebc906e128a94e44095807ad021ea341) Importer(815301076,1909f56bfc062723c751e8b465ee728b)  -> (artifact id: 'a3f731aa58b75eee5d4bae740212b04a') in 0.064124 seconds
  Import took 0.069392 seconds .

========================================================================
Received Prepare
Refreshing native plugins compatible for Editor in 2.26 ms, found 1 plugins.
Preloading 0 native plugins for Editor in 0.00 ms.
Unloading 13 Unused Serialized files (Serialized files now loaded: 0)
System memory in use before: 54.2 MB.
System memory in use after: 54.2 MB.

Unloading 10 unused Assets to reduce memory usage. Loaded Objects now: 2350.
Total: 3.313600 ms (FindLiveObjects: 0.251600 ms CreateObjectMapping: 0.080800 ms MarkObjects: 2.834700 ms  DeleteObjects: 0.144000 ms)

AssetImportWorkerClient::OnTransportError - code=2 error=End of file
